<?xml version="1.0" encoding="UTF-8"?>
<!-- Generated by org.testng.reporters.JUnitReportReporter -->
<testsuite hostname="DESKTOP-FAF54ES" failures="0" tests="1" name="com.store.testcases.CheckoutPageTest" time="42.467" errors="0" timestamp="2022-07-01T08:23:25 PDT" skipped="0">
  <testcase classname="com.store.testcases.CheckoutPageTest" name="VerifyCheckOutTest" time="42.467"/>
  <system-out/>
</testsuite> <!-- com.store.testcases.CheckoutPageTest -->
