<?xml version="1.0" encoding="UTF-8"?>
<!-- Generated by org.testng.reporters.JUnitReportReporter -->
<testsuite hostname="DESKTOP-FAF54ES" failures="0" tests="1" name="com.store.testcases.CheckoutPageTest" time="47.152" errors="0" timestamp="2022-06-30T14:39:59 PDT" skipped="0">
  <testcase classname="com.store.testcases.CheckoutPageTest" name="VerifyCheckOutTest" time="47.152"/>
  <system-out/>
</testsuite> <!-- com.store.testcases.CheckoutPageTest -->
