<?xml version="1.0" encoding="UTF-8"?>
<!-- Generated by org.testng.reporters.JUnitReportReporter -->
<testsuite hostname="DESKTOP-FAF54ES" failures="0" tests="1" name="com.store.testcases.CartPageTest" time="64.625" errors="0" timestamp="2022-06-29T16:06:04 PDT" skipped="0">
  <testcase classname="com.store.testcases.CartPageTest" name="VerifyAddToCartTest" time="64.625"/>
  <system-out/>
</testsuite> <!-- com.store.testcases.CartPageTest -->
