<?xml version="1.0" encoding="UTF-8"?>
<!-- Generated by org.testng.reporters.JUnitReportReporter -->
<testsuite hostname="DESKTOP-FAF54ES" failures="0" tests="1" name="com.store.testcases.CartPageTest" time="45.387" errors="0" timestamp="2022-06-30T14:39:58 PDT" skipped="0">
  <testcase classname="com.store.testcases.CartPageTest" name="VerifyAddToCartTest" time="45.387"/>
  <system-out/>
</testsuite> <!-- com.store.testcases.CartPageTest -->
