<?xml version="1.0" encoding="UTF-8"?>
<!-- Generated by org.testng.reporters.JUnitReportReporter -->
<testsuite hostname="DESKTOP-FAF54ES" failures="0" tests="2" name="com.store.testcases.InventoryPageTest" time="31.905" errors="0" timestamp="2022-06-30T14:39:59 PDT" skipped="0">
  <testcase classname="com.store.testcases.InventoryPageTest" name="ValidateLogo" time="17.000"/>
  <system-out/>
  <testcase classname="com.store.testcases.InventoryPageTest" name="ValidateManu" time="14.905"/>
  <system-out/>
</testsuite> <!-- com.store.testcases.InventoryPageTest -->
