<?xml version="1.0" encoding="UTF-8"?>
<!-- Generated by org.testng.reporters.JUnitReportReporter -->
<testsuite hostname="DESKTOP-FAF54ES" failures="0" tests="2" name="com.store.testcases.InventoryPageTest" time="15.376" errors="0" timestamp="2022-07-01T08:23:24 PDT" skipped="0">
  <testcase classname="com.store.testcases.InventoryPageTest" name="ValidateLogo" time="7.735"/>
  <system-out/>
  <testcase classname="com.store.testcases.InventoryPageTest" name="ValidateManu" time="7.641"/>
  <system-out/>
</testsuite> <!-- com.store.testcases.InventoryPageTest -->
