<?xml version="1.0" encoding="UTF-8"?>
<!-- Generated by org.testng.reporters.JUnitReportReporter -->
<testsuite hostname="DESKTOP-FAF54ES" failures="0" tests="2" name="com.store.testcases.InventoryPageTest" time="38.461" errors="0" timestamp="2022-06-29T16:06:04 PDT" skipped="0">
  <testcase classname="com.store.testcases.InventoryPageTest" name="ValidateLogo" time="17.309"/>
  <system-out/>
  <testcase classname="com.store.testcases.InventoryPageTest" name="ValidateManu" time="21.152"/>
  <system-out/>
</testsuite> <!-- com.store.testcases.InventoryPageTest -->
